<?xml version="1.0" encoding="UTF-8"?>
<!-- Generated by org.testng.reporters.JUnitReportReporter -->
<testsuite hostname="NILAMMA-W10" name="crmframework.crmAutomation.HomePageTest" tests="2" failures="0" timestamp="6 Jan 2021 14:27:47 GMT" time="180.627" errors="0">
  <testcase name="crmhomepage" time="130.338" classname="crmframework.crmAutomation.HomePageTest"/>
  <testcase name="verifyCreateAccount" time="50.289" classname="crmframework.crmAutomation.HomePageTest"/>
</testsuite> <!-- crmframework.crmAutomation.HomePageTest -->
