<?xml version="1.0" encoding="UTF-8"?>
<!-- Generated by org.testng.reporters.JUnitReportReporter -->
<testsuite hostname="NILAMMA-W10" name="crmframework.crmAutomation.HomePageTest" tests="2" failures="0" timestamp="6 Jan 2021 17:16:35 GMT" time="181.644" errors="0">
  <testcase name="addTimeline" time="47.187" classname="crmframework.crmAutomation.HomePageTest"/>
  <testcase name="crmhomepage" time="134.457" classname="crmframework.crmAutomation.HomePageTest"/>
</testsuite> <!-- crmframework.crmAutomation.HomePageTest -->
