<?xml version="1.0" encoding="UTF-8"?>
<!-- Generated by org.testng.reporters.JUnitReportReporter -->
<testsuite hostname="NILAMMA-W10" name="crmframework.crmAutomation.HomePageTest" tests="2" failures="0" timestamp="7 Jan 2021 06:18:31 GMT" time="175.192" errors="0">
  <testcase name="addIncentiveDetails" time="51.575" classname="crmframework.crmAutomation.HomePageTest"/>
  <testcase name="crmhomepage" time="123.617" classname="crmframework.crmAutomation.HomePageTest"/>
</testsuite> <!-- crmframework.crmAutomation.HomePageTest -->
