<?xml version="1.0" encoding="UTF-8"?>
<!-- Generated by org.testng.reporters.JUnitReportReporter -->
<testsuite skipped="0" hostname="satishg-w10" name="crmframework.crmAutomation.HomePageTest" tests="1" failures="0" timestamp="23 Dec 2020 14:03:57 GMT" time="126.180" errors="0">
  <testcase name="crmhomepage" time="126.180" classname="crmframework.crmAutomation.HomePageTest"/>
</testsuite> <!-- crmframework.crmAutomation.HomePageTest -->
