<?xml version="1.0" encoding="UTF-8"?>
<!-- Generated by org.testng.reporters.JUnitReportReporter -->
<testsuite hostname="SHRADHAMA" name="crmframework.crmAutomation.HomePageTest" tests="2" failures="0" timestamp="6 Jan 2021 08:00:37 GMT" time="141.907" errors="0">
  <testcase name="validateRelatedTabs" time="0.163" classname="crmframework.crmAutomation.HomePageTest"/>
  <testcase name="crmhomepage" time="141.744" classname="crmframework.crmAutomation.HomePageTest"/>
</testsuite> <!-- crmframework.crmAutomation.HomePageTest -->
