<?xml version="1.0" encoding="UTF-8"?>
<!-- Generated by org.testng.reporters.JUnitReportReporter -->
<testsuite skipped="0" hostname="satishg-w10" name="crmframework.crmAutomation.HomePageTest" tests="2" failures="0" timestamp="28 Dec 2020 11:01:29 GMT" time="118.538" errors="0">
  <testcase name="crmhomepage" time="117.898" classname="crmframework.crmAutomation.HomePageTest"/>
  <testcase name="validateRelatedTabs" time="0.640" classname="crmframework.crmAutomation.HomePageTest"/>
</testsuite> <!-- crmframework.crmAutomation.HomePageTest -->
